.IFJcode17
JUMP $$scope

LABEL $$scope
DEFVAR GF@&pomInteger
MOVE GF@&pomInteger int@0
DEFVAR GF@&pomString
MOVE GF@&pomString string@
DEFVAR GF@&pomFloat
MOVE GF@&pomFloat float@0
DEFVAR GF@&pomBool
MOVE GF@&pomBool bool@false
DEFVAR GF@&pomCntr
MOVE GF@&pomCntr int@0
CREATEFRAME

DEFVAR TF@a
MOVE TF@a int@0
MOVE GF@&pomInteger int@0
MOVE GF@&pomInteger int@0
MOVE TF@a GF@&pomInteger
MOVE GF@&pomInteger TF@a
LT GF@&pomBool TF@a int@0
JUMPIFEQ $$comp_0 GF@&pomBool bool@true
EQ GF@&pomBool TF@a int@0
LABEL $$comp_0
JUMPIFNEQ $$else_1 GF@&pomBool bool@true
MOVE GF@&pomFloat float@1
MOVE GF@&pomInteger int@1
WRITE GF@&pomInteger
JUMP $$endif_1
LABEL $$else_1
LABEL $$endif_1
